[INFO] Scanning for projects...
[INFO] 
[INFO] --------------------< com.flashengine:flashEngine >---------------------
[INFO] Building flashEngine 0.0.1-SNAPSHOT
[INFO]   from pom.xml
[INFO] --------------------------------[ jar ]---------------------------------
[INFO] 
[INFO] >>> spring-boot:4.1.0:run (default-cli) > test-compile @ flashEngine >>>
[INFO] 
[INFO] --- resources:3.5.0:resources (default-resources) @ flashEngine ---
[INFO] Copying 1 resource from src\main\resources to target\classes
[INFO] Copying 0 resource from src\main\resources to target\classes
[INFO] 
[INFO] --- compiler:3.13.0:compile (default-compile) @ flashEngine ---
[INFO] Nothing to compile - all classes are up to date.
[INFO] 
[INFO] --- resources:3.5.0:testResources (default-testResources) @ flashEngine ---
[INFO] skip non existing resourceDirectory C:\College\Project\flashEngine\src\test\resources
[INFO] 
[INFO] --- compiler:3.13.0:testCompile (default-testCompile) @ flashEngine ---
[INFO] Nothing to compile - all classes are up to date.
[INFO] 
[INFO] <<< spring-boot:4.1.0:run (default-cli) < test-compile @ flashEngine <<<
[INFO] 
[INFO] 
[INFO] --- spring-boot:4.1.0:run (default-cli) @ flashEngine ---
[INFO] Attaching agents: []

  .   ____          _            __ _ _
 /\\ / ___'_ __ _ _(_)_ __  __ _ \ \ \ \
( ( )\___ | '_ | '_| | '_ \/ _` | \ \ \ \
 \\/  ___)| |_)| | | | | || (_| |  ) ) ) )
  '  |____| .__|_| |_|_| |_\__, | / / / /
 =========|_|==============|___/=/_/_/_/

 :: Spring Boot ::                (v4.1.0)

2026-06-20T20:32:37.361+05:30  INFO 15908 --- [flashEngine] [           main] c.f.flashEngine.FlashEngineApplication   : Starting FlashEngineApplication using Java 26.0.1 with PID 15908 (C:\College\Project\flashEngine\target\classes started by Anirudh in C:\College\Project\flashEngine)
2026-06-20T20:32:37.364+05:30  INFO 15908 --- [flashEngine] [           main] c.f.flashEngine.FlashEngineApplication   : No active profile set, falling back to 1 default profile: "default"
2026-06-20T20:32:37.899+05:30  INFO 15908 --- [flashEngine] [           main] .s.d.r.c.RepositoryConfigurationDelegate : Multiple Spring Data modules found, entering strict repository configuration mode
2026-06-20T20:32:37.902+05:30  INFO 15908 --- [flashEngine] [           main] .s.d.r.c.RepositoryConfigurationDelegate : Bootstrapping Spring Data JPA repositories in DEFAULT mode.
2026-06-20T20:32:38.040+05:30  INFO 15908 --- [flashEngine] [           main] .s.d.r.c.RepositoryConfigurationDelegate : Finished Spring Data repository scanning in 129 ms. Found 2 JPA repository interfaces.
2026-06-20T20:32:38.082+05:30  INFO 15908 --- [flashEngine] [           main] .s.d.r.c.RepositoryConfigurationDelegate : Multiple Spring Data modules found, entering strict repository configuration mode
2026-06-20T20:32:38.083+05:30  INFO 15908 --- [flashEngine] [           main] .s.d.r.c.RepositoryConfigurationDelegate : Bootstrapping Spring Data Redis repositories in DEFAULT mode.
2026-06-20T20:32:38.095+05:30  INFO 15908 --- [flashEngine] [           main] .RepositoryConfigurationExtensionSupport : Spring Data Redis - Could not safely identify store assignment for repository candidate interface com.flashengine.flashEngine.repository.InventoryRepository; If you want this repository to be a Redis repository, consider annotating your entities with one of these annotations: org.springframework.data.redis.core.RedisHash (preferred), or consider extending one of the following types with your repository: org.springframework.data.keyvalue.repository.KeyValueRepository
2026-06-20T20:32:38.095+05:30  INFO 15908 --- [flashEngine] [           main] .RepositoryConfigurationExtensionSupport : Spring Data Redis - Could not safely identify store assignment for repository candidate interface com.flashengine.flashEngine.repository.OrdersRepository; If you want this repository to be a Redis repository, consider annotating your entities with one of these annotations: org.springframework.data.redis.core.RedisHash (preferred), or consider extending one of the following types with your repository: org.springframework.data.keyvalue.repository.KeyValueRepository
2026-06-20T20:32:38.095+05:30  INFO 15908 --- [flashEngine] [           main] .s.d.r.c.RepositoryConfigurationDelegate : Finished Spring Data repository scanning in 3 ms. Found 0 Redis repository interfaces.
2026-06-20T20:32:38.444+05:30  INFO 15908 --- [flashEngine] [           main] o.s.boot.tomcat.TomcatWebServer          : Tomcat initialized with port 8080 (http)
2026-06-20T20:32:38.454+05:30  INFO 15908 --- [flashEngine] [           main] o.apache.catalina.core.StandardService   : Starting service [Tomcat]
2026-06-20T20:32:38.454+05:30  INFO 15908 --- [flashEngine] [           main] o.apache.catalina.core.StandardEngine    : Starting Servlet engine: [Apache Tomcat/11.0.22]
2026-06-20T20:32:38.497+05:30  INFO 15908 --- [flashEngine] [           main] b.w.c.s.WebApplicationContextInitializer : Root WebApplicationContext: initialization completed in 1088 ms
2026-06-20T20:32:38.638+05:30  INFO 15908 --- [flashEngine] [           main] org.hibernate.orm.jpa                    : HHH008540: Processing PersistenceUnitInfo [name: default]
2026-06-20T20:32:38.675+05:30  INFO 15908 --- [flashEngine] [           main] org.hibernate.orm.core                   : HHH000001: Hibernate ORM core version 7.4.1.Final
2026-06-20T20:32:39.008+05:30  INFO 15908 --- [flashEngine] [           main] o.s.o.j.p.SpringPersistenceUnitInfo      : No LoadTimeWeaver setup: ignoring JPA class transformer
2026-06-20T20:32:39.031+05:30  INFO 15908 --- [flashEngine] [           main] com.zaxxer.hikari.HikariDataSource       : HikariPool-1 - Starting...
2026-06-20T20:32:39.295+05:30  INFO 15908 --- [flashEngine] [           main] com.zaxxer.hikari.pool.HikariPool        : HikariPool-1 - Added connection org.postgresql.jdbc.PgConnection@846b47
2026-06-20T20:32:39.296+05:30  INFO 15908 --- [flashEngine] [           main] com.zaxxer.hikari.HikariDataSource       : HikariPool-1 - Start completed.
2026-06-20T20:32:39.325+05:30  WARN 15908 --- [flashEngine] [           main] org.hibernate.orm.deprecation            : HHH90000025: PostgreSQLDialect does not need to be specified explicitly using 'hibernate.dialect' (remove the property setting and it will be selected by default)
2026-06-20T20:32:39.353+05:30  INFO 15908 --- [flashEngine] [           main] org.hibernate.orm.connections.pooling    : HHH10001005: Database info:
	Database JDBC URL [jdbc:postgresql://localhost:5432/flashengine]
	Database driver: PostgreSQL JDBC Driver
	Database dialect: PostgreSQLDialect
	Database version: 18.4
	Default catalog/schema: flashengine/public
	Autocommit mode: undefined/unknown
	Isolation level: READ_COMMITTED [default READ_COMMITTED]
	JDBC fetch size: none
	Pool: DataSourceConnectionProvider
	Minimum pool size: undefined/unknown
	Maximum pool size: undefined/unknown
2026-06-20T20:32:40.155+05:30  INFO 15908 --- [flashEngine] [           main] org.hibernate.orm.core                   : HHH000489: No JTA platform available (set 'hibernate.transaction.jta.platform' to enable JTA platform integration)
Hibernate: set client_min_messages = WARNING
Hibernate: drop table if exists inventory cascade
Hibernate: drop table if exists orders cascade
Hibernate: create table inventory (stock_count integer, product_id bigint not null, version bigint not null, primary key (product_id))
Hibernate: create table orders (created_at timestamp(6), id bigint generated by default as identity, product_id bigint, user_id bigint, status varchar(255), primary key (id))
2026-06-20T20:32:40.208+05:30  INFO 15908 --- [flashEngine] [           main] j.LocalContainerEntityManagerFactoryBean : Initialized JPA EntityManagerFactory for persistence unit 'default'
2026-06-20T20:32:40.266+05:30  INFO 15908 --- [flashEngine] [           main] o.s.d.j.r.query.QueryEnhancerFactories   : Hibernate is in classpath; If applicable, HQL parser will be used.
2026-06-20T20:32:40.927+05:30  WARN 15908 --- [flashEngine] [           main] ConfigServletWebServerApplicationContext : Exception encountered during context initialization - cancelling refresh attempt: org.springframework.beans.factory.UnsatisfiedDependencyException: Error creating bean with name 'orderController' defined in file [C:\College\Project\flashEngine\target\classes\com\flashengine\flashEngine\controller\OrderController.class]: Unsatisfied dependency expressed through constructor parameter 0: Error creating bean with name 'orderService' defined in file [C:\College\Project\flashEngine\target\classes\com\flashengine\flashEngine\service\OrderService.class]: Unsatisfied dependency expressed through constructor parameter 3: No qualifying bean of type 'com.fasterxml.jackson.databind.ObjectMapper' available: expected at least 1 bean which qualifies as autowire candidate. Dependency annotations: {}
2026-06-20T20:32:40.937+05:30  INFO 15908 --- [flashEngine] [           main] j.LocalContainerEntityManagerFactoryBean : Closing JPA EntityManagerFactory for persistence unit 'default'
2026-06-20T20:32:40.938+05:30  INFO 15908 --- [flashEngine] [           main] com.zaxxer.hikari.HikariDataSource       : HikariPool-1 - Shutdown initiated...
2026-06-20T20:32:40.940+05:30  INFO 15908 --- [flashEngine] [           main] com.zaxxer.hikari.HikariDataSource       : HikariPool-1 - Shutdown completed.
2026-06-20T20:32:40.943+05:30  INFO 15908 --- [flashEngine] [           main] o.apache.catalina.core.StandardService   : Stopping service [Tomcat]
2026-06-20T20:32:40.954+05:30  INFO 15908 --- [flashEngine] [           main] .s.b.a.l.ConditionEvaluationReportLogger : 

Error starting ApplicationContext. To display the condition evaluation report re-run your application with 'debug' enabled.
2026-06-20T20:32:40.970+05:30 ERROR 15908 --- [flashEngine] [           main] o.s.b.d.LoggingFailureAnalysisReporter   : 

***************************
APPLICATION FAILED TO START
***************************

Description:

Parameter 3 of constructor in com.flashengine.flashEngine.service.OrderService required a bean of type 'com.fasterxml.jackson.databind.ObjectMapper' that could not be found.


Action:

Consider defining a bean of type 'com.fasterxml.jackson.databind.ObjectMapper' in your configuration.

[INFO] ------------------------------------------------------------------------
[INFO] BUILD FAILURE
[INFO] ------------------------------------------------------------------------
[INFO] Total time:  7.465 s
[INFO] Finished at: 2026-06-20T20:32:42+05:30
[INFO] ------------------------------------------------------------------------
[ERROR] Failed to execute goal org.springframework.boot:spring-boot-maven-plugin:4.1.0:run (default-cli) on project flashEngine: Process terminated with exit code: 1 -> [Help 1]
[ERROR] 
[ERROR] To see the full stack trace of the errors, re-run Maven with the -e switch.
[ERROR] Re-run Maven using the -X switch to enable full debug logging.
[ERROR] 
[ERROR] For more information about the errors and possible solutions, please read the following articles:
[ERROR] [Help 1] http://cwiki.apache.org/confluence/display/MAVEN/MojoExecutionException
